# JRE version: Java(TM) SE Runtime Environment (8.0_241-b07) (build 1.8.0_241-b07)
# Java VM: Java HotSpot(TM) 64-Bit Server VM (25.241-b07 mixed mode windows-amd64 compressed oops)
Heap:
 PSYoungGen      total 155648K, used 136697K [0x00000000eb380000, 0x00000000f6e00000, 0x0000000100000000)
  eden space 146944K, 93% used [0x00000000eb380000,0x00000000f38fe5f8,0x00000000f4300000)
  from space 8704K, 0% used [0x00000000f4c80000,0x00000000f4c80000,0x00000000f5500000)
  to   space 9728K, 0% used [0x00000000f4300000,0x00000000f4300000,0x00000000f4c80000)
 ParOldGen       total 50688K, used 15251K [0x00000000c1a00000, 0x00000000c4b80000, 0x00000000eb380000)
  object space 50688K, 30% used [0x00000000c1a00000,0x00000000c28e4ec0,0x00000000c4b80000)
 Metaspace       used 46316K, capacity 48670K, committed 49024K, reserved 1093632K
  class space    used 6514K, capacity 6970K, committed 7040K, reserved 1048576K
GC Heap History (10 events):
Event: 2.062 GC heap before
{Heap before GC invocations=8 (full 1):
 PSYoungGen      total 71680K, used 4417K [0x00000000eb380000, 0x00000000f3e80000, 0x0000000100000000)
  eden space 65024K, 0% used [0x00000000eb380000,0x00000000eb380000,0x00000000ef300000)
  from space 6656K, 66% used [0x00000000ef300000,0x00000000ef750560,0x00000000ef980000)
  to   space 6144K, 0% used [0x00000000f3880000,0x00000000f3880000,0x00000000f3e80000)
 ParOldGen       total 44032K, used 8811K [0x00000000c1a00000, 0x00000000c4500000, 0x00000000eb380000)
  object space 44032K, 20% used [0x00000000c1a00000,0x00000000c229ad18,0x00000000c4500000)
 Metaspace       used 20277K, capacity 21090K, committed 21248K, reserved 1067008K
  class space    used 2753K, capacity 2958K, committed 3072K, reserved 1048576K
Event: 2.102 GC heap after
Heap after GC invocations=8 (full 1):
 PSYoungGen      total 71680K, used 0K [0x00000000eb380000, 0x00000000f3e80000, 0x0000000100000000)
  eden space 65024K, 0% used [0x00000000eb380000,0x00000000eb380000,0x00000000ef300000)
  from space 6656K, 0% used [0x00000000ef300000,0x00000000ef300000,0x00000000ef980000)
  to   space 6144K, 0% used [0x00000000f3880000,0x00000000f3880000,0x00000000f3e80000)
 ParOldGen       total 34304K, used 9625K [0x00000000c1a00000, 0x00000000c3b80000, 0x00000000eb380000)
  object space 34304K, 28% used [0x00000000c1a00000,0x00000000c2366728,0x00000000c3b80000)
 Metaspace       used 20277K, capacity 21090K, committed 21248K, reserved 1067008K
  class space    used 2753K, capacity 2958K, committed 3072K, reserved 1048576K
}
Event: 2.562 GC heap before
{Heap before GC invocations=9 (full 1):
 PSYoungGen      total 71680K, used 65024K [0x00000000eb380000, 0x00000000f3e80000, 0x0000000100000000)
  eden space 65024K, 100% used [0x00000000eb380000,0x00000000ef300000,0x00000000ef300000)
  from space 6656K, 0% used [0x00000000ef300000,0x00000000ef300000,0x00000000ef980000)
  to   space 6144K, 0% used [0x00000000f3880000,0x00000000f3880000,0x00000000f3e80000)
 ParOldGen       total 34304K, used 9625K [0x00000000c1a00000, 0x00000000c3b80000, 0x00000000eb380000)
  object space 34304K, 28% used [0x00000000c1a00000,0x00000000c2366728,0x00000000c3b80000)
 Metaspace       used 23666K, capacity 24832K, committed 25088K, reserved 1071104K
  class space    used 3249K, capacity 3513K, committed 3584K, reserved 1048576K
Event: 2.570 GC heap after
Heap after GC invocations=9 (full 1):
 PSYoungGen      total 114176K, used 6133K [0x00000000eb380000, 0x00000000f3e80000, 0x0000000100000000)
  eden space 108032K, 0% used [0x00000000eb380000,0x00000000eb380000,0x00000000f1d00000)
  from space 6144K, 99% used [0x00000000f3880000,0x00000000f3e7d400,0x00000000f3e80000)
  to   space 7168K, 0% used [0x00000000f3080000,0x00000000f3080000,0x00000000f3780000)
 ParOldGen       total 34304K, used 9663K [0x00000000c1a00000, 0x00000000c3b80000, 0x00000000eb380000)
  object space 34304K, 28% used [0x00000000c1a00000,0x00000000c236fd58,0x00000000c3b80000)
 Metaspace       used 23666K, capacity 24832K, committed 25088K, reserved 1071104K
  class space    used 3249K, capacity 3513K, committed 3584K, reserved 1048576K
}
Event: 3.724 GC heap before
{Heap before GC invocations=10 (full 1):
 PSYoungGen      total 114176K, used 114165K [0x00000000eb380000, 0x00000000f3e80000, 0x0000000100000000)
  eden space 108032K, 100% used [0x00000000eb380000,0x00000000f1d00000,0x00000000f1d00000)
  from space 6144K, 99% used [0x00000000f3880000,0x00000000f3e7d400,0x00000000f3e80000)
  to   space 7168K, 0% used [0x00000000f3080000,0x00000000f3080000,0x00000000f3780000)
 ParOldGen       total 34304K, used 9663K [0x00000000c1a00000, 0x00000000c3b80000, 0x00000000eb380000)
  object space 34304K, 28% used [0x00000000c1a00000,0x00000000c236fd58,0x00000000c3b80000)
 Metaspace       used 28970K, capacity 30912K, committed 31104K, reserved 1075200K
  class space    used 4013K, capacity 4391K, committed 4480K, reserved 1048576K
Event: 3.737 GC heap after
Heap after GC invocations=10 (full 1):
 PSYoungGen      total 135168K, used 7143K [0x00000000eb380000, 0x00000000f5500000, 0x0000000100000000)
  eden space 128000K, 0% used [0x00000000eb380000,0x00000000eb380000,0x00000000f3080000)
  from space 7168K, 99% used [0x00000000f3080000,0x00000000f3779cd0,0x00000000f3780000)
  to   space 8704K, 0% used [0x00000000f4c80000,0x00000000f4c80000,0x00000000f5500000)
 ParOldGen       total 34304K, used 12320K [0x00000000c1a00000, 0x00000000c3b80000, 0x00000000eb380000)
  object space 34304K, 35% used [0x00000000c1a00000,0x00000000c2608180,0x00000000c3b80000)
 Metaspace       used 28970K, capacity 30912K, committed 31104K, reserved 1075200K
  class space    used 4013K, capacity 4391K, committed 4480K, reserved 1048576K
}
Event: 5.485 GC heap before
{Heap before GC invocations=11 (full 1):
 PSYoungGen      total 135168K, used 70923K [0x00000000eb380000, 0x00000000f5500000, 0x0000000100000000)
  eden space 128000K, 49% used [0x00000000eb380000,0x00000000ef1c92c0,0x00000000f3080000)
  from space 7168K, 99% used [0x00000000f3080000,0x00000000f3779cd0,0x00000000f3780000)
  to   space 8704K, 0% used [0x00000000f4c80000,0x00000000f4c80000,0x00000000f5500000)
 ParOldGen       total 34304K, used 12320K [0x00000000c1a00000, 0x00000000c3b80000, 0x00000000eb380000)
  object space 34304K, 35% used [0x00000000c1a00000,0x00000000c2608180,0x00000000c3b80000)
 Metaspace       used 33353K, capacity 35400K, committed 35416K, reserved 1079296K
  class space    used 4730K, capacity 5119K, committed 5120K, reserved 1048576K
Event: 5.500 GC heap after
Heap after GC invocations=11 (full 1):
 PSYoungGen      total 155648K, used 8416K [0x00000000eb380000, 0x00000000f6e00000, 0x0000000100000000)
  eden space 146944K, 0% used [0x00000000eb380000,0x00000000eb380000,0x00000000f4300000)
  from space 8704K, 96% used [0x00000000f4c80000,0x00000000f54b81d0,0x00000000f5500000)
  to   space 9728K, 0% used [0x00000000f4300000,0x00000000f4300000,0x00000000f4c80000)
 ParOldGen       total 34304K, used 14072K [0x00000000c1a00000, 0x00000000c3b80000, 0x00000000eb380000)
  object space 34304K, 41% used [0x00000000c1a00000,0x00000000c27be180,0x00000000c3b80000)
 Metaspace       used 33353K, capacity 35400K, committed 35416K, reserved 1079296K
  class space    used 4730K, capacity 5119K, committed 5120K, reserved 1048576K
}
Event: 5.500 GC heap before
{Heap before GC invocations=12 (full 2):
 PSYoungGen      total 155648K, used 8416K [0x00000000eb380000, 0x00000000f6e00000, 0x0000000100000000)
  eden space 146944K, 0% used [0x00000000eb380000,0x00000000eb380000,0x00000000f4300000)
  from space 8704K, 96% used [0x00000000f4c80000,0x00000000f54b81d0,0x00000000f5500000)
  to   space 9728K, 0% used [0x00000000f4300000,0x00000000f4300000,0x00000000f4c80000)
 ParOldGen       total 34304K, used 14072K [0x00000000c1a00000, 0x00000000c3b80000, 0x00000000eb380000)
  object space 34304K, 41% used [0x00000000c1a00000,0x00000000c27be180,0x00000000c3b80000)
 Metaspace       used 33353K, capacity 35400K, committed 35416K, reserved 1079296K
  class space    used 4730K, capacity 5119K, committed 5120K, reserved 1048576K
Event: 5.580 GC heap after
Heap after GC invocations=12 (full 2):
 PSYoungGen      total 155648K, used 0K [0x00000000eb380000, 0x00000000f6e00000, 0x0000000100000000)
  eden space 146944K, 0% used [0x00000000eb380000,0x00000000eb380000,0x00000000f4300000)
  from space 8704K, 0% used [0x00000000f4c80000,0x00000000f4c80000,0x00000000f5500000)
  to   space 9728K, 0% used [0x00000000f4300000,0x00000000f4300000,0x00000000f4c80000)
 ParOldGen       total 50688K, used 15251K [0x00000000c1a00000, 0x00000000c4b80000, 0x00000000eb380000)
  object space 50688K, 30% used [0x00000000c1a00000,0x00000000c28e4ec0,0x00000000c4b80000)
 Metaspace       used 33353K, capacity 35400K, committed 35416K, reserved 1079296K
  class space    used 4730K, capacity 5119K, committed 5120K, reserved 1048576K
}

