# JRE version: Java(TM) SE Runtime Environment (8.0_241-b07) (build 1.8.0_241-b07)
# Java VM: Java HotSpot(TM) 64-Bit Server VM (25.241-b07 mixed mode windows-amd64 compressed oops)
Heap:
 PSYoungGen      total 160768K, used 43292K [0x00000000eb380000, 0x00000000f5980000, 0x0000000100000000)
  eden space 152576K, 28% used [0x00000000eb380000,0x00000000eddc70b8,0x00000000f4880000)
  from space 8192K, 0% used [0x00000000f5000000,0x00000000f5000000,0x00000000f5800000)
  to   space 7680K, 0% used [0x00000000f4880000,0x00000000f4880000,0x00000000f5000000)
 ParOldGen       total 45568K, used 15250K [0x00000000c1a00000, 0x00000000c4680000, 0x00000000eb380000)
  object space 45568K, 33% used [0x00000000c1a00000,0x00000000c28e4a28,0x00000000c4680000)
 Metaspace       used 38020K, capacity 40220K, committed 40576K, reserved 1087488K
  class space    used 5291K, capacity 5699K, committed 5760K, reserved 1048576K
GC Heap History (10 events):
Event: 5.548 GC heap before
{Heap before GC invocations=10 (full 1):
 PSYoungGen      total 70656K, used 3265K [0x00000000eb380000, 0x00000000f2400000, 0x0000000100000000)
  eden space 65536K, 0% used [0x00000000eb380000,0x00000000eb380000,0x00000000ef380000)
  from space 5120K, 63% used [0x00000000ef380000,0x00000000ef6b07f0,0x00000000ef880000)
  to   space 5120K, 0% used [0x00000000f1f00000,0x00000000f1f00000,0x00000000f2400000)
 ParOldGen       total 44032K, used 9146K [0x00000000c1a00000, 0x00000000c4500000, 0x00000000eb380000)
  object space 44032K, 20% used [0x00000000c1a00000,0x00000000c22eeae0,0x00000000c4500000)
 Metaspace       used 20274K, capacity 21126K, committed 21248K, reserved 1067008K
  class space    used 2766K, capacity 2964K, committed 3072K, reserved 1048576K
Event: 5.589 GC heap after
Heap after GC invocations=10 (full 1):
 PSYoungGen      total 70656K, used 0K [0x00000000eb380000, 0x00000000f2400000, 0x0000000100000000)
  eden space 65536K, 0% used [0x00000000eb380000,0x00000000eb380000,0x00000000ef380000)
  from space 5120K, 0% used [0x00000000ef380000,0x00000000ef380000,0x00000000ef880000)
  to   space 5120K, 0% used [0x00000000f1f00000,0x00000000f1f00000,0x00000000f2400000)
 ParOldGen       total 29184K, used 8492K [0x00000000c1a00000, 0x00000000c3680000, 0x00000000eb380000)
  object space 29184K, 29% used [0x00000000c1a00000,0x00000000c224b118,0x00000000c3680000)
 Metaspace       used 20274K, capacity 21126K, committed 21248K, reserved 1067008K
  class space    used 2766K, capacity 2964K, committed 3072K, reserved 1048576K
}
Event: 6.217 GC heap before
{Heap before GC invocations=11 (full 1):
 PSYoungGen      total 70656K, used 65536K [0x00000000eb380000, 0x00000000f2400000, 0x0000000100000000)
  eden space 65536K, 100% used [0x00000000eb380000,0x00000000ef380000,0x00000000ef380000)
  from space 5120K, 0% used [0x00000000ef380000,0x00000000ef380000,0x00000000ef880000)
  to   space 5120K, 0% used [0x00000000f1f00000,0x00000000f1f00000,0x00000000f2400000)
 ParOldGen       total 29184K, used 8492K [0x00000000c1a00000, 0x00000000c3680000, 0x00000000eb380000)
  object space 29184K, 29% used [0x00000000c1a00000,0x00000000c224b118,0x00000000c3680000)
 Metaspace       used 23762K, capacity 24908K, committed 25088K, reserved 1071104K
  class space    used 3268K, capacity 3515K, committed 3584K, reserved 1048576K
Event: 6.224 GC heap after
Heap after GC invocations=11 (full 1):
 PSYoungGen      total 105472K, used 5088K [0x00000000eb380000, 0x00000000f2400000, 0x0000000100000000)
  eden space 100352K, 0% used [0x00000000eb380000,0x00000000eb380000,0x00000000f1580000)
  from space 5120K, 99% used [0x00000000f1f00000,0x00000000f23f8140,0x00000000f2400000)
  to   space 6144K, 0% used [0x00000000f1800000,0x00000000f1800000,0x00000000f1e00000)
 ParOldGen       total 29184K, used 9733K [0x00000000c1a00000, 0x00000000c3680000, 0x00000000eb380000)
  object space 29184K, 33% used [0x00000000c1a00000,0x00000000c2381528,0x00000000c3680000)
 Metaspace       used 23762K, capacity 24908K, committed 25088K, reserved 1071104K
  class space    used 3268K, capacity 3515K, committed 3584K, reserved 1048576K
}
Event: 7.677 GC heap before
{Heap before GC invocations=12 (full 1):
 PSYoungGen      total 105472K, used 105394K [0x00000000eb380000, 0x00000000f2400000, 0x0000000100000000)
  eden space 100352K, 99% used [0x00000000eb380000,0x00000000f1574930,0x00000000f1580000)
  from space 5120K, 99% used [0x00000000f1f00000,0x00000000f23f8140,0x00000000f2400000)
  to   space 6144K, 0% used [0x00000000f1800000,0x00000000f1800000,0x00000000f1e00000)
 ParOldGen       total 29184K, used 9733K [0x00000000c1a00000, 0x00000000c3680000, 0x00000000eb380000)
  object space 29184K, 33% used [0x00000000c1a00000,0x00000000c2381528,0x00000000c3680000)
 Metaspace       used 28961K, capacity 30916K, committed 31104K, reserved 1075200K
  class space    used 4014K, capacity 4391K, committed 4480K, reserved 1048576K
Event: 7.693 GC heap after
Heap after GC invocations=12 (full 1):
 PSYoungGen      total 109056K, used 6127K [0x00000000eb380000, 0x00000000f5800000, 0x0000000100000000)
  eden space 102912K, 0% used [0x00000000eb380000,0x00000000eb380000,0x00000000f1800000)
  from space 6144K, 99% used [0x00000000f1800000,0x00000000f1dfbe48,0x00000000f1e00000)
  to   space 8192K, 0% used [0x00000000f5000000,0x00000000f5000000,0x00000000f5800000)
 ParOldGen       total 29184K, used 13090K [0x00000000c1a00000, 0x00000000c3680000, 0x00000000eb380000)
  object space 29184K, 44% used [0x00000000c1a00000,0x00000000c26c88b0,0x00000000c3680000)
 Metaspace       used 28961K, capacity 30916K, committed 31104K, reserved 1075200K
  class space    used 4014K, capacity 4391K, committed 4480K, reserved 1048576K
}
Event: 9.373 GC heap before
{Heap before GC invocations=13 (full 1):
 PSYoungGen      total 109056K, used 74653K [0x00000000eb380000, 0x00000000f5800000, 0x0000000100000000)
  eden space 102912K, 66% used [0x00000000eb380000,0x00000000ef66b7f0,0x00000000f1800000)
  from space 6144K, 99% used [0x00000000f1800000,0x00000000f1dfbe48,0x00000000f1e00000)
  to   space 8192K, 0% used [0x00000000f5000000,0x00000000f5000000,0x00000000f5800000)
 ParOldGen       total 29184K, used 13090K [0x00000000c1a00000, 0x00000000c3680000, 0x00000000eb380000)
  object space 29184K, 44% used [0x00000000c1a00000,0x00000000c26c88b0,0x00000000c3680000)
 Metaspace       used 33349K, capacity 35404K, committed 35416K, reserved 1079296K
  class space    used 4731K, capacity 5119K, committed 5120K, reserved 1048576K
Event: 9.406 GC heap after
Heap after GC invocations=13 (full 1):
 PSYoungGen      total 160768K, used 5172K [0x00000000eb380000, 0x00000000f5980000, 0x0000000100000000)
  eden space 152576K, 0% used [0x00000000eb380000,0x00000000eb380000,0x00000000f4880000)
  from space 8192K, 63% used [0x00000000f5000000,0x00000000f550d1b0,0x00000000f5800000)
  to   space 7680K, 0% used [0x00000000f4880000,0x00000000f4880000,0x00000000f5000000)
 ParOldGen       total 29184K, used 16318K [0x00000000c1a00000, 0x00000000c3680000, 0x00000000eb380000)
  object space 29184K, 55% used [0x00000000c1a00000,0x00000000c29ef930,0x00000000c3680000)
 Metaspace       used 33349K, capacity 35404K, committed 35416K, reserved 1079296K
  class space    used 4731K, capacity 5119K, committed 5120K, reserved 1048576K
}
Event: 9.406 GC heap before
{Heap before GC invocations=14 (full 2):
 PSYoungGen      total 160768K, used 5172K [0x00000000eb380000, 0x00000000f5980000, 0x0000000100000000)
  eden space 152576K, 0% used [0x00000000eb380000,0x00000000eb380000,0x00000000f4880000)
  from space 8192K, 63% used [0x00000000f5000000,0x00000000f550d1b0,0x00000000f5800000)
  to   space 7680K, 0% used [0x00000000f4880000,0x00000000f4880000,0x00000000f5000000)
 ParOldGen       total 29184K, used 16318K [0x00000000c1a00000, 0x00000000c3680000, 0x00000000eb380000)
  object space 29184K, 55% used [0x00000000c1a00000,0x00000000c29ef930,0x00000000c3680000)
 Metaspace       used 33349K, capacity 35404K, committed 35416K, reserved 1079296K
  class space    used 4731K, capacity 5119K, committed 5120K, reserved 1048576K
Event: 9.589 GC heap after
Heap after GC invocations=14 (full 2):
 PSYoungGen      total 160768K, used 0K [0x00000000eb380000, 0x00000000f5980000, 0x0000000100000000)
  eden space 152576K, 0% used [0x00000000eb380000,0x00000000eb380000,0x00000000f4880000)
  from space 8192K, 0% used [0x00000000f5000000,0x00000000f5000000,0x00000000f5800000)
  to   space 7680K, 0% used [0x00000000f4880000,0x00000000f4880000,0x00000000f5000000)
 ParOldGen       total 45568K, used 15250K [0x00000000c1a00000, 0x00000000c4680000, 0x00000000eb380000)
  object space 45568K, 33% used [0x00000000c1a00000,0x00000000c28e4a28,0x00000000c4680000)
 Metaspace       used 33349K, capacity 35404K, committed 35416K, reserved 1079296K
  class space    used 4731K, capacity 5119K, committed 5120K, reserved 1048576K
}

